2019-11-01 18:32:02 INFO  BookingTest:32 - PRE CONDITION: Start the browser and maximize the window - DONE
2019-11-01 18:32:04 INFO  BookingTest:40 - TEST 1: Navigate to base page and verify - DONE
2019-11-01 18:32:06 INFO  BookingTest:52 - TEST 2: Fill in the form and submit - DONE
2019-11-01 18:32:07 INFO  BookingTest:61 - TEST 3: Check the search results - DONE
2019-11-01 18:32:07 INFO  BookingTest:67 - POST CONDITION: Close the browser - DONE
2019-11-01 20:46:16 INFO  BookingTest:32 - PRE CONDITION: Start the browser and maximize the window - DONE
2019-11-01 20:46:18 INFO  BookingTest:40 - TEST 1: Navigate to base page and verify - DONE
2019-11-01 20:46:20 INFO  BookingTest:52 - TEST 2: Fill in the form and submit - DONE
2019-11-01 20:46:21 INFO  BookingTest:61 - TEST 3: Check the search results - DONE
2019-11-01 20:46:21 INFO  BookingTest:67 - POST CONDITION: Close the browser - DONE
2019-11-01 20:50:18 INFO  BookingTest:36 - PRE CONDITION: Start the browser and maximize the window - DONE
2019-11-01 20:50:21 INFO  BookingTest:44 - TEST 1: Navigate to base page and verify - DONE
2019-11-01 20:50:28 INFO  BookingTest:56 - TEST 2: Fill in the form and submit - DONE
2019-11-01 20:50:30 INFO  BookingTest:65 - TEST 3: Check the search results - DONE
2019-11-01 20:50:30 INFO  BookingTest:71 - POST CONDITION: Close the browser - DONE
2019-11-01 21:40:44 INFO  BookingTest:36 - PRE CONDITION: Start the browser and maximize the window - DONE
2019-11-01 21:40:47 INFO  BookingTest:44 - TEST 1: Navigate to base page and verify - DONE
2019-11-01 21:40:53 INFO  BookingTest:56 - TEST 2: Fill in the form and submit - DONE
2019-11-01 21:40:55 INFO  BookingTest:65 - TEST 3: Check the search results - DONE
2019-11-01 21:40:55 INFO  BookingTest:71 - POST CONDITION: Close the browser - DONE
2019-11-01 21:47:25 INFO  BookingTest:36 - PRE CONDITION: Start the browser and maximize the window - DONE
2019-11-01 21:47:27 INFO  BookingTest:44 - TEST 1: Navigate to base page and verify - DONE
2019-11-01 21:47:29 INFO  BookingTest:56 - TEST 2: Fill in the form and submit - DONE
2019-11-01 21:47:30 INFO  BookingTest:65 - TEST 3: Check the search results - DONE
2019-11-01 21:47:30 INFO  BookingTest:71 - POST CONDITION: Close the browser - DONE
2019-11-01 22:09:45 INFO  BookingTest:36 - PRE CONDITION: Start the browser and maximize the window - DONE
2019-11-01 22:09:46 INFO  BookingTest:44 - TEST 1: Navigate to base page and verify - DONE
2019-11-01 22:09:46 INFO  BookingTest:65 - TEST 3: Check the search results - DONE
2019-11-01 22:09:46 INFO  BookingTest:71 - POST CONDITION: Close the browser - DONE
2019-11-01 22:10:05 INFO  BookingTest:36 - PRE CONDITION: Start the browser and maximize the window - DONE
2019-11-01 22:10:07 INFO  BookingTest:44 - TEST 1: Navigate to base page and verify - DONE
2019-11-01 22:10:07 INFO  BookingTest:65 - TEST 3: Check the search results - DONE
2019-11-01 22:10:07 INFO  BookingTest:71 - POST CONDITION: Close the browser - DONE
2019-11-01 22:10:25 INFO  BookingTest:36 - PRE CONDITION: Start the browser and maximize the window - DONE
2019-11-01 22:10:27 INFO  BookingTest:44 - TEST 1: Navigate to base page and verify - DONE
2019-11-01 22:10:29 INFO  BookingTest:56 - TEST 2: Fill in the form and submit - DONE
2019-11-01 22:10:30 INFO  BookingTest:65 - TEST 3: Check the search results - DONE
2019-11-01 22:10:30 INFO  BookingTest:71 - POST CONDITION: Close the browser - DONE
2019-11-01 22:12:20 INFO  BookingTest:36 - PRE CONDITION: Start the browser and maximize the window - DONE
2019-11-01 22:12:22 INFO  BookingTest:44 - TEST 1: Navigate to base page and verify - DONE
2019-11-01 22:12:22 INFO  BookingTest:65 - TEST 3: Check the search results - DONE
2019-11-01 22:12:22 INFO  BookingTest:71 - POST CONDITION: Close the browser - DONE
2019-11-01 22:12:33 INFO  BookingTest:36 - PRE CONDITION: Start the browser and maximize the window - DONE
2019-11-01 22:12:35 INFO  BookingTest:44 - TEST 1: Navigate to base page and verify - DONE
2019-11-01 22:12:37 INFO  BookingTest:56 - TEST 2: Fill in the form and submit - DONE
2019-11-01 22:12:38 INFO  BookingTest:65 - TEST 3: Check the search results - DONE
2019-11-01 22:12:38 INFO  BookingTest:71 - POST CONDITION: Close the browser - DONE
2019-11-01 22:45:51 INFO  BookingTest:45 - PRE CONDITION: Start the browser and maximize the window - DONE
2019-11-01 22:45:54 INFO  BookingTest:59 - TEST 1: Navigate to base page and verify - DONE
2019-11-01 22:46:03 INFO  BookingTest:45 - PRE CONDITION: Start the browser and maximize the window - DONE
2019-11-01 22:46:06 INFO  BookingTest:59 - TEST 1: Navigate to base page and verify - DONE
2019-11-01 22:46:10 INFO  BookingTest:76 - TEST 2: Fill in the form and submit - DONE
2019-11-01 22:46:10 INFO  BookingTest:88 - TEST 3: Check the search results - DONE
2019-11-01 22:46:10 INFO  BookingTest:95 - POST CONDITION: Close the browser - DONE
2019-11-01 22:50:10 INFO  BookingTest:45 - PRE CONDITION: Start the browser and maximize the window - DONE
2019-11-01 22:50:13 INFO  BookingTest:59 - TEST 1: Navigate to base page and verify - DONE
2019-11-01 22:50:19 INFO  BookingTest:76 - TEST 2: Fill in the form and submit - DONE
2019-11-01 22:50:21 INFO  BookingTest:88 - TEST 3: Check the search results - DONE
2019-11-01 22:50:21 INFO  BookingTest:95 - POST CONDITION: Close the browser - DONE
